<?xml version="1.0" encoding="UTF-8"?>
<!-- Generated by org.testng.reporters.JUnitXMLReporter -->
<testsuite ignored="0" hostname="DESKTOP-RB31SML" failures="0" tests="6" name="Test_testCase" time="0.125" errors="0" timestamp="2023-10-08T11:38:39 IST">
  <testcase classname="TestNG_XML.day1" name="Testone" time="0.023"/>
  <testcase classname="TestNG_XML.day1" name="Testthree" time="0.002"/>
  <testcase classname="TestNG_XML.day1" name="Testtwo" time="0.002"/>
  <testcase classname="TestNG_XML.day1b" name="Testfive" time="0.001"/>
  <testcase classname="TestNG_XML.day1b" name="Testfour" time="0.002"/>
  <testcase classname="TestNG_XML.day1b" name="Testsix" time="0.002"/>
</testsuite> <!-- Test_testCase -->
