<?xml version="1.0" encoding="UTF-8"?>
<!-- Generated by org.testng.reporters.JUnitXMLReporter -->
<testsuite ignored="0" hostname="DESKTOP-RB31SML" failures="0" tests="3" name="Default test" time="0.114" errors="0" timestamp="2023-10-19T13:51:02 IST">
  <testcase classname="Run_Multiple_Test.day1" name="Testone" time="0.023"/>
  <testcase classname="Run_Multiple_Test.day1" name="Testthree" time="0.001"/>
  <testcase classname="Run_Multiple_Test.day1" name="Testtwo" time="0.002"/>
</testsuite> <!-- Default test -->
