<?xml version="1.0" encoding="UTF-8"?>
<!-- Generated by org.testng.reporters.JUnitXMLReporter -->
<testsuite ignored="0" hostname="DESKTOP-RB31SML" failures="1" tests="3" name="Test" time="0.185" errors="0" timestamp="2024-02-15T14:13:58 IST">
  <testcase classname="testNG_framework.ListenersTests" name="test1" time="0.023"/>
  <testcase classname="testNG_framework.ListenersTests" name="test2" time="0.022">
    <failure type="java.lang.AssertionError" message="expected [B] but found [A]">
      <![CDATA[java.lang.AssertionError: expected [B] but found [A]
at testNG_framework.ListenersTests.test2(ListenersTests.java:20)
at java.base/java.util.ArrayList.forEach(ArrayList.java:1511)
... Removed 33 stack frames]]>
    </failure>
  </testcase> <!-- test2 -->
  <testcase classname="testNG_framework.ListenersTests" name="test3" time="0.007">
    <skipped/>
  </testcase> <!-- test3 -->
</testsuite> <!-- Test -->
