<?xml version="1.0" encoding="UTF-8"?>
<!-- Generated by org.testng.reporters.JUnitXMLReporter -->
<testsuite ignored="4" hostname="DESKTOP-RB31SML" failures="0" tests="4" name="Test" time="0.122" errors="0" timestamp="2024-02-03T19:50:19 IST">
  <testcase classname="testNG_framework.Groups1" name="test1" time="0.017"/>
  <testcase classname="testNG_framework.Groups1" name="test3" time="0.001"/>
  <testcase classname="testNG_framework.Groups1" name="test5" time="0.002"/>
  <testcase classname="testNG_framework.Groups2" name="test7" time="0.002"/>
  <testcase classname="testNG_framework.Groups2" name="test6" time="0.0">
    <ignored/>
  </testcase> <!-- test6 -->
  <testcase classname="testNG_framework.Groups2" name="test8" time="0.0">
    <ignored/>
  </testcase> <!-- test8 -->
  <testcase classname="testNG_framework.Groups1" name="test2" time="0.0">
    <ignored/>
  </testcase> <!-- test2 -->
  <testcase classname="testNG_framework.Groups1" name="test4" time="0.0">
    <ignored/>
  </testcase> <!-- test4 -->
</testsuite> <!-- Test -->
