<?xml version="1.0" encoding="UTF-8"?>
<!-- Generated by org.testng.reporters.JUnitXMLReporter -->
<testsuite ignored="0" hostname="DESKTOP-RB31SML" failures="0" tests="3" name="Test_Facebook" time="0.134" errors="0" timestamp="2023-10-08T11:47:01 IST">
  <testcase classname="TestNG_XML.Demo2" name="login" time="0.015"/>
  <testcase classname="TestNG_XML.Demo3" name="homePage" time="0.001"/>
  <testcase classname="TestNG_XML.Demo1" name="Resistration" time="0.003"/>
</testsuite> <!-- Test_Facebook -->
