<?xml version="1.0" encoding="UTF-8"?>
<testng-results ignored="0" total="3" passed="3" failed="0" skipped="0">
  <reporter-output>
  </reporter-output>
  <suite started-at="2023-10-19T13:51:02 IST" name="Default suite" finished-at="2023-10-19T13:51:02 IST" duration-ms="114">
    <groups>
    </groups>
    <test started-at="2023-10-19T13:51:02 IST" name="Default test" finished-at="2023-10-19T13:51:02 IST" duration-ms="114">
      <class name="Run_Multiple_Test.day1">
        <test-method signature="Testone()[pri:0, instance:Run_Multiple_Test.day1@273e7444]" started-at="2023-10-19T13:51:02 IST" name="Testone" finished-at="2023-10-19T13:51:02 IST" duration-ms="23" status="PASS">
          <reporter-output>
          </reporter-output>
        </test-method> <!-- Testone -->
        <test-method signature="Testthree()[pri:0, instance:Run_Multiple_Test.day1@273e7444]" started-at="2023-10-19T13:51:02 IST" name="Testthree" finished-at="2023-10-19T13:51:02 IST" duration-ms="1" status="PASS">
          <reporter-output>
          </reporter-output>
        </test-method> <!-- Testthree -->
        <test-method signature="Testtwo()[pri:0, instance:Run_Multiple_Test.day1@273e7444]" started-at="2023-10-19T13:51:02 IST" name="Testtwo" finished-at="2023-10-19T13:51:02 IST" duration-ms="2" status="PASS">
          <reporter-output>
          </reporter-output>
        </test-method> <!-- Testtwo -->
      </class> <!-- Run_Multiple_Test.day1 -->
    </test> <!-- Default test -->
  </suite> <!-- Default suite -->
</testng-results>
